{"logLevel":"debug","message":"multithreading is set to false"}
{"logLevel":"debug","message":"Using reflection to scan dependencies for gauge implementations..."}
{"logLevel":"debug","message":"gauge-java took 3447milliseconds to load and scan. This should be less than 'runner_connection_timeout' config value."}
{"logLevel":"debug","message":"run 'gauge config runner_connection_timeout' and verify that it is < 3447"}
{"logLevel":"debug","message":"starting gRPC server..."}
{"logLevel":"debug","message":"started gRPC server on port 52122"}
{"logLevel":"info","message":"Listening on port:52122"}
{"logLevel":"debug","message":"Scanning packages for steps"}
{"logLevel":"debug","message":"Comparing 'Test.StepImplementation.assertMainpage' and 'Test.StepImplementation.assertMainpage'"}
{"logLevel":"debug","message":"Found Anasayfanın Açıldığı Kontrol Edilir in current project scope."}
{"logLevel":"debug","message":"Comparing 'Test.StepImplementation.PratikFormaddress' and 'Test.StepImplementation.PratikFormaddress'"}
{"logLevel":"debug","message":"Found Pratik Form adres doldurma in current project scope."}
{"logLevel":"debug","message":"Comparing 'Test.StepImplementation.PratikFormgender' and 'Test.StepImplementation.PratikFormgender'"}
{"logLevel":"debug","message":"Found Pratik Form cinsiyet seçme in current project scope."}
{"logLevel":"debug","message":"Comparing 'Test.StepImplementation.PratikFormSubmit' and 'Test.StepImplementation.PratikFormSubmit'"}
{"logLevel":"debug","message":"Found Pratik Form Submit butona tıklama in current project scope."}
{"logLevel":"debug","message":"Comparing 'Test.StepImplementation.searchButton' and 'Test.StepImplementation.searchButton'"}
{"logLevel":"debug","message":"Found Forms Butonuna Tıklama in current project scope."}
{"logLevel":"debug","message":"Comparing 'Test.StepImplementation.waitForSecond' and 'Test.StepImplementation.waitForSecond'"}
{"logLevel":"debug","message":"Found {} saniye bekle in current project scope."}
{"logLevel":"debug","message":"Comparing 'Test.StepImplementation.PratikFormName' and 'Test.StepImplementation.PratikFormName'"}
{"logLevel":"debug","message":"Found Pratik Form isim doldurma in current project scope."}
{"logLevel":"debug","message":"Comparing 'Test.StepImplementation.PratikFormu' and 'Test.StepImplementation.PratikFormu'"}
{"logLevel":"debug","message":"Found Pratik Form Butonuna Tıklama in current project scope."}
{"logLevel":"debug","message":"Comparing 'Test.StepImplementation.zoomOut' and 'Test.StepImplementation.zoomOut'"}
{"logLevel":"debug","message":"Found ZoomOut in current project scope."}
{"logLevel":"debug","message":"Comparing 'Test.StepImplementation.PratikFormEmail' and 'Test.StepImplementation.PratikFormEmail'"}
{"logLevel":"debug","message":"Found Pratik Form Email doldurma in current project scope."}
{"logLevel":"debug","message":"Comparing 'Test.StepImplementation.PratikFormNumber' and 'Test.StepImplementation.PratikFormNumber'"}
{"logLevel":"debug","message":"Found Pratik Form numara doldurma  in current project scope."}
{"logLevel":"debug","message":"Comparing 'Test.StepImplementation.PratikFormLastname' and 'Test.StepImplementation.PratikFormLastname'"}
{"logLevel":"debug","message":"Found Pratik Form soyisim doldurma in current project scope."}
{"logLevel":"debug","message":"Comparing 'Test.StepImplementation.ScreenShoot' and 'Test.StepImplementation.ScreenShoot'"}
{"logLevel":"debug","message":"Found Ekran görüntüsü alma in current project scope."}
{"logLevel":"debug","message":"Scanning packages for hooks"}
{"logLevel":"debug","message":"Scanned steps (using static parsing + reflections): "}
{"logLevel":"debug","message":"\tPratik Form Submit butona tıklama : public void PratikFormSubmit() throws IOException"}
{"logLevel":"debug","message":"\tPratik Form adres doldurma : public void PratikFormaddress() throws IOException"}
{"logLevel":"debug","message":"\tPratik Form Email doldurma : public void PratikFormEmail() throws IOException"}
{"logLevel":"debug","message":"\tPratik Form Butonuna Tıklama : public void PratikFormu()"}
{"logLevel":"debug","message":"\tPratik Form isim doldurma : public void PratikFormName() throws IOException"}
{"logLevel":"debug","message":"\tPratik Form numara doldurma  : public void PratikFormNumber() throws IOException"}
{"logLevel":"debug","message":"\tPratik Form cinsiyet seçme : public void PratikFormgender() throws IOException"}
{"logLevel":"debug","message":"\tZoomOut : public void zoomOut()"}
{"logLevel":"debug","message":"\t{} saniye bekle : public void waitForSecond(Integer x) throws InterruptedException"}
{"logLevel":"debug","message":"\tPratik Form soyisim doldurma : public void PratikFormLastname() throws IOException"}
{"logLevel":"debug","message":"\tAnasayfanın Açıldığı Kontrol Edilir : public void assertMainpage()"}
{"logLevel":"debug","message":"\tForms Butonuna Tıklama : public void searchButton()"}
{"logLevel":"debug","message":"\tEkran görüntüsü alma : public void ScreenShoot() throws IOException"}
{"logLevel":"debug","message":"Killing Java runner..."}
{"logLevel":"debug","message":"Stopping execution pool..."}
{"logLevel":"debug","message":"Shutting down grpc server..."}
{"logLevel":"debug","message":"Runner killed gracefully."}
