15-06-2022 15:38:34.591 [Gauge] [INFO] Watching directory: C:\Users\Buğra\IdeaProjects\IdeasoftAssigment\specs
15-06-2022 15:38:34.595 [Gauge] [INFO] Initializing concepts cache with 0 concepts
15-06-2022 15:38:34.599 [Gauge] [DEBUG] Found 1 files
15-06-2022 15:38:34.605 [Gauge] [INFO] Initializing specs cache with 1 specs
15-06-2022 15:38:34.605 [Gauge] [DEBUG] Adding specs from C:\Users\Buğra\IdeaProjects\IdeasoftAssigment\specs\example.spec
15-06-2022 15:38:34.605 [Gauge] [INFO] Initializing steps cache with 1 steps
15-06-2022 15:38:34.605 [Gauge] [INFO] Gauge daemon initialized and listening on port: 55176
15-06-2022 15:49:05.517 [Gauge] [DEBUG] Api Request Received: messageType:GetStepValueRequest messageId:4 stepValueRequest:<stepText:"\303\251" > 
15-06-2022 15:49:05.524 [Gauge] [DEBUG] Sending API response: messageType:GetStepValueResponse messageId:4 stepValueResponse:<stepValue:<stepValue:"\303\251" parameterizedStepValue:"\303\251" > > 
15-06-2022 15:49:06.353 [Gauge] [DEBUG] Api Request Received: messageType:GetStepValueRequest messageId:4 stepValueRequest:<> 
15-06-2022 15:49:06.353 [Gauge] [DEBUG] Sending API response: messageType:GetStepValueResponse messageId:4 stepValueResponse:<stepValue:<> > 
15-06-2022 15:49:07.332 [Gauge] [DEBUG] Api Request Received: messageType:GetStepValueRequest messageId:4 stepValueRequest:<stepText:"<" > 
15-06-2022 15:49:07.363 [Gauge] [DEBUG] Sending API response: messageType:ErrorResponse messageId:4 error:<error:"Dynamic parameter not terminated" > 
15-06-2022 15:49:07.852 [Gauge] [DEBUG] Api Request Received: messageType:GetStepValueRequest messageId:4 stepValueRequest:<stepText:"<" > 
15-06-2022 15:49:07.852 [Gauge] [DEBUG] Sending API response: messageType:ErrorResponse messageId:4 error:<error:"Dynamic parameter not terminated" > 
15-06-2022 15:49:07.884 [Gauge] [DEBUG] Api Request Received: messageType:GetStepValueRequest messageId:4 stepValueRequest:<stepText:"<" > 
15-06-2022 15:49:07.890 [Gauge] [DEBUG] Sending API response: messageType:ErrorResponse messageId:4 error:<error:"Dynamic parameter not terminated" > 
15-06-2022 15:49:08.797 [Gauge] [DEBUG] Api Request Received: messageType:GetStepValueRequest messageId:4 stepValueRequest:<stepText:"<!" > 
15-06-2022 15:49:08.797 [Gauge] [DEBUG] Sending API response: messageType:ErrorResponse messageId:4 error:<error:"Dynamic parameter not terminated" > 
15-06-2022 15:49:09.569 [Gauge] [DEBUG] Api Request Received: messageType:GetStepValueRequest messageId:4 stepValueRequest:<stepText:"<" > 
15-06-2022 15:49:09.569 [Gauge] [DEBUG] Sending API response: messageType:ErrorResponse messageId:4 error:<error:"Dynamic parameter not terminated" > 
15-06-2022 15:49:09.931 [Gauge] [DEBUG] Api Request Received: messageType:GetStepValueRequest messageId:4 stepValueRequest:<stepText:"<" > 
15-06-2022 15:49:09.938 [Gauge] [DEBUG] Sending API response: messageType:ErrorResponse messageId:4 error:<error:"Dynamic parameter not terminated" > 
15-06-2022 15:49:09.939 [Gauge] [DEBUG] Api Request Received: messageType:GetStepValueRequest messageId:4 stepValueRequest:<stepText:"<" > 
15-06-2022 15:49:09.944 [Gauge] [DEBUG] Sending API response: messageType:ErrorResponse messageId:4 error:<error:"Dynamic parameter not terminated" > 
15-06-2022 15:49:10.852 [Gauge] [DEBUG] Api Request Received: messageType:GetStepValueRequest messageId:4 stepValueRequest:<stepText:"<>" > 
15-06-2022 15:49:10.852 [Gauge] [DEBUG] Sending API response: messageType:GetStepValueResponse messageId:4 stepValueResponse:<stepValue:<stepValue:"{}" parameterizedStepValue:"<>" parameters:"" > > 
15-06-2022 15:49:19.967 [Gauge] [DEBUG] Api Request Received: messageType:GetStepValueRequest messageId:4 stepValueRequest:<stepText:"<key>" > 
15-06-2022 15:49:19.967 [Gauge] [DEBUG] Sending API response: messageType:GetStepValueResponse messageId:4 stepValueResponse:<stepValue:<stepValue:"{}" parameterizedStepValue:"<key>" parameters:"key" > > 
15-06-2022 15:49:22.444 [Gauge] [DEBUG] Api Request Received: messageType:GetStepValueRequest messageId:4 stepValueRequest:<stepText:"<key> " > 
15-06-2022 15:49:22.444 [Gauge] [DEBUG] Sending API response: messageType:GetStepValueResponse messageId:4 stepValueResponse:<stepValue:<stepValue:"{}" parameterizedStepValue:"<key>" parameters:"key" > > 
15-06-2022 15:49:24.258 [Gauge] [DEBUG] Api Request Received: messageType:GetStepValueRequest messageId:4 stepValueRequest:<stepText:"<key> if eleme" > 
15-06-2022 15:49:24.324 [Gauge] [DEBUG] Sending API response: messageType:GetStepValueResponse messageId:4 stepValueResponse:<stepValue:<stepValue:"{} if eleme" parameterizedStepValue:"<key> if eleme" parameters:"key" > > 
15-06-2022 15:49:30.465 [Gauge] [DEBUG] Api Request Received: messageType:GetStepValueRequest messageId:4 stepValueRequest:<stepText:"<key> elemet" > 
15-06-2022 15:49:30.465 [Gauge] [DEBUG] Sending API response: messageType:GetStepValueResponse messageId:4 stepValueResponse:<stepValue:<stepValue:"{} elemet" parameterizedStepValue:"<key> elemet" parameters:"key" > > 
15-06-2022 15:49:31.344 [Gauge] [DEBUG] Api Request Received: messageType:GetStepValueRequest messageId:4 stepValueRequest:<stepText:"<key> elemeti " > 
15-06-2022 15:49:31.352 [Gauge] [DEBUG] Sending API response: messageType:GetStepValueResponse messageId:4 stepValueResponse:<stepValue:<stepValue:"{} elemeti" parameterizedStepValue:"<key> elemeti" parameters:"key" > > 
15-06-2022 15:49:33.993 [Gauge] [DEBUG] Api Request Received: messageType:GetStepValueRequest messageId:4 stepValueRequest:<stepText:"<key> elementi " > 
15-06-2022 15:49:33.993 [Gauge] [DEBUG] Sending API response: messageType:GetStepValueResponse messageId:4 stepValueResponse:<stepValue:<stepValue:"{} elementi" parameterizedStepValue:"<key> elementi" parameters:"key" > > 
15-06-2022 15:49:37.696 [Gauge] [DEBUG] Api Request Received: messageType:GetStepValueRequest messageId:4 stepValueRequest:<stepText:"<key> elementi <" > 
15-06-2022 15:49:37.696 [Gauge] [DEBUG] Sending API response: messageType:ErrorResponse messageId:4 error:<error:"Dynamic parameter not terminated" > 
15-06-2022 15:49:38.351 [Gauge] [DEBUG] Api Request Received: messageType:GetStepValueRequest messageId:4 stepValueRequest:<stepText:"<key> elementi <>" > 
15-06-2022 15:49:38.351 [Gauge] [DEBUG] Sending API response: messageType:GetStepValueResponse messageId:4 stepValueResponse:<stepValue:<stepValue:"{} elementi {}" parameterizedStepValue:"<key> elementi <>" parameters:"key" parameters:"" > > 
15-06-2022 15:49:41.063 [Gauge] [DEBUG] Api Request Received: messageType:GetStepValueRequest messageId:4 stepValueRequest:<stepText:"<key> elementi <text>" > 
15-06-2022 15:49:41.063 [Gauge] [DEBUG] Sending API response: messageType:GetStepValueResponse messageId:4 stepValueResponse:<stepValue:<stepValue:"{} elementi {}" parameterizedStepValue:"<key> elementi <text>" parameters:"key" parameters:"text" > > 
15-06-2022 15:49:45.518 [Gauge] [DEBUG] Api Request Received: messageType:GetStepValueRequest messageId:4 stepValueRequest:<stepText:"<key> elementi <text> de\304\237erini " > 
15-06-2022 15:49:45.518 [Gauge] [DEBUG] Sending API response: messageType:GetStepValueResponse messageId:4 stepValueResponse:<stepValue:<stepValue:"{} elementi {} de\304\237erini" parameterizedStepValue:"<key> elementi <text> de\304\237erini" parameters:"key" parameters:"text" > > 
15-06-2022 15:49:47.666 [Gauge] [DEBUG] Api Request Received: messageType:GetStepValueRequest messageId:4 stepValueRequest:<stepText:"<key> elementi <text> de\304\237eri" > 
15-06-2022 15:49:47.677 [Gauge] [DEBUG] Sending API response: messageType:GetStepValueResponse messageId:4 stepValueResponse:<stepValue:<stepValue:"{} elementi {} de\304\237eri" parameterizedStepValue:"<key> elementi <text> de\304\237eri" parameters:"key" parameters:"text" > > 
15-06-2022 15:49:49.855 [Gauge] [DEBUG] Api Request Received: messageType:GetStepValueRequest messageId:4 stepValueRequest:<stepText:"<key> elementi <text> de\304\237eri var m\304\261" > 
15-06-2022 15:49:49.855 [Gauge] [DEBUG] Sending API response: messageType:GetStepValueResponse messageId:4 stepValueResponse:<stepValue:<stepValue:"{} elementi {} de\304\237eri var m\304\261" parameterizedStepValue:"<key> elementi <text> de\304\237eri var m\304\261" parameters:"key" parameters:"text" > > 
15-06-2022 15:49:55.373 [Gauge] [DEBUG] Api Request Received: messageType:GetStepValueRequest messageId:4 stepValueRequest:<stepText:"<key> elementin <text> de\304\237eri var m\304\261" > 
15-06-2022 15:49:55.373 [Gauge] [DEBUG] Sending API response: messageType:GetStepValueResponse messageId:4 stepValueResponse:<stepValue:<stepValue:"{} elementin {} de\304\237eri var m\304\261" parameterizedStepValue:"<key> elementin <text> de\304\237eri var m\304\261" parameters:"key" parameters:"text" > > 
15-06-2022 15:49:56.038 [Gauge] [DEBUG] Api Request Received: messageType:GetStepValueRequest messageId:4 stepValueRequest:<stepText:"<key> elementinde <text> de\304\237eri var m\304\261" > 
15-06-2022 15:49:56.038 [Gauge] [DEBUG] Sending API response: messageType:GetStepValueResponse messageId:4 stepValueResponse:<stepValue:<stepValue:"{} elementinde {} de\304\237eri var m\304\261" parameterizedStepValue:"<key> elementinde <text> de\304\237eri var m\304\261" parameters:"key" parameters:"text" > > 
15-06-2022 15:53:32.911 [Gauge] [DEBUG] Api Request Received: messageType:GetStepValueRequest messageId:4 stepValueRequest:<stepText:" elementinde <text> de\304\237eri var m\304\261" > 
15-06-2022 15:53:32.911 [Gauge] [DEBUG] Sending API response: messageType:GetStepValueResponse messageId:4 stepValueResponse:<stepValue:<stepValue:"elementinde {} de\304\237eri var m\304\261" parameterizedStepValue:"elementinde <text> de\304\237eri var m\304\261" parameters:"text" > > 
15-06-2022 15:53:34.440 [Gauge] [DEBUG] Api Request Received: messageType:GetStepValueRequest messageId:4 stepValueRequest:<stepText:"elementinde <text> de\304\237eri var m\304\261" > 
15-06-2022 15:53:34.440 [Gauge] [DEBUG] Sending API response: messageType:GetStepValueResponse messageId:4 stepValueResponse:<stepValue:<stepValue:"elementinde {} de\304\237eri var m\304\261" parameterizedStepValue:"elementinde <text> de\304\237eri var m\304\261" parameters:"text" > > 
15-06-2022 15:53:37.001 [Gauge] [DEBUG] Api Request Received: messageType:GetStepValueRequest messageId:4 stepValueRequest:<stepText:"elemente <text> de\304\237eri var m\304\261" > 
15-06-2022 15:53:37.001 [Gauge] [DEBUG] Sending API response: messageType:GetStepValueResponse messageId:4 stepValueResponse:<stepValue:<stepValue:"elemente {} de\304\237eri var m\304\261" parameterizedStepValue:"elemente <text> de\304\237eri var m\304\261" parameters:"text" > > 
15-06-2022 15:53:38.533 [Gauge] [DEBUG] Api Request Received: messageType:GetStepValueRequest messageId:4 stepValueRequest:<stepText:"elementte <text> de\304\237eri var m\304\261" > 
15-06-2022 15:53:38.533 [Gauge] [DEBUG] Sending API response: messageType:GetStepValueResponse messageId:4 stepValueResponse:<stepValue:<stepValue:"elementte {} de\304\237eri var m\304\261" parameterizedStepValue:"elementte <text> de\304\237eri var m\304\261" parameters:"text" > > 
15-06-2022 15:53:45.584 [Gauge] [DEBUG] Api Request Received: messageType:GetStepValueRequest messageId:4 stepValueRequest:<stepText:"E" > 
15-06-2022 15:53:45.587 [Gauge] [DEBUG] Sending API response: messageType:GetStepValueResponse messageId:4 stepValueResponse:<stepValue:<stepValue:"E" parameterizedStepValue:"E" > > 
15-06-2022 15:53:45.619 [Gauge] [DEBUG] Api Request Received: messageType:GetAllStepsRequest messageId:2 allStepsRequest:<> 
15-06-2022 15:53:45.620 [Gauge] [DEBUG] Sending API response: messageType:GetAllStepResponse messageId:2 allStepsResponse:<allSteps:<stepValue:"Urune IN" parameterizedStepValue:"Urune IN" > allSteps:<stepValue:"Sepete Git" parameterizedStepValue:"Sepete Git" > allSteps:<stepValue:"Arama kutusuna {} yaz\304\261ld\304\261" parameterizedStepValue:"Arama kutusuna <\303\274r\303\274n> yaz\304\261ld\304\261" parameters:"\303\274r\303\274n" > allSteps:<stepValue:"Urun detayi" parameterizedStepValue:"Urun detayi" > allSteps:<stepValue:"Miktar se\303\247me" parameterizedStepValue:"Miktar se\303\247me" > allSteps:<stepValue:"Sepete ekle" parameterizedStepValue:"Sepete ekle" > allSteps:<stepValue:"ASSERT COUNT" parameterizedStepValue:"ASSERT COUNT" > allSteps:<stepValue:"Arama Butonuna T\304\261klama" parameterizedStepValue:"Arama Butonuna T\304\261klama" > allSteps:<stepValue:"{} saniye bekle" parameterizedStepValue:"<20> saniye bekle" parameters:"20" > > 
15-06-2022 15:53:45.621 [Gauge] [DEBUG] Api Request Received: messageType:GetAllConceptsRequest messageId:6 allConceptsRequest:<> 
15-06-2022 15:53:45.626 [Gauge] [DEBUG] Sending API response: messageType:GetAllConceptsResponse messageId:6 allConceptsResponse:<> 
15-06-2022 15:53:46.882 [Gauge] [DEBUG] Api Request Received: messageType:GetStepValueRequest messageId:4 stepValueRequest:<stepText:"Ele" > 
15-06-2022 15:53:46.887 [Gauge] [DEBUG] Sending API response: messageType:GetStepValueResponse messageId:4 stepValueResponse:<stepValue:<stepValue:"Ele" parameterizedStepValue:"Ele" > > 
15-06-2022 15:53:48.263 [Gauge] [DEBUG] Api Request Received: messageType:GetStepValueRequest messageId:4 stepValueRequest:<stepText:"elementte \"text\" de\304\237eri var m\304\261" > 
15-06-2022 15:53:48.263 [Gauge] [DEBUG] Sending API response: messageType:GetStepValueResponse messageId:4 stepValueResponse:<stepValue:<stepValue:"elementte {} de\304\237eri var m\304\261" parameterizedStepValue:"elementte <text> de\304\237eri var m\304\261" parameters:"text" > > 
15-06-2022 15:53:49.816 [Gauge] [DEBUG] Api Request Received: messageType:GetStepValueRequest messageId:4 stepValueRequest:<stepText:"elementte \"5\" de\304\237eri var m\304\261" > 
15-06-2022 15:53:49.820 [Gauge] [DEBUG] Sending API response: messageType:GetStepValueResponse messageId:4 stepValueResponse:<stepValue:<stepValue:"elementte {} de\304\237eri var m\304\261" parameterizedStepValue:"elementte <5> de\304\237eri var m\304\261" parameters:"5" > > 
15-06-2022 15:53:54.676 [Gauge] [INFO] Spec file added / modified: C:\Users\Buğra\IdeaProjects\IdeasoftAssigment\specs\example.spec
15-06-2022 15:53:54.681 [Gauge] [INFO] Spec file added / modified: C:\Users\Buğra\IdeaProjects\IdeasoftAssigment\specs\example.spec
15-06-2022 16:06:51.131 [Gauge] [DEBUG] Api Request Received: messageType:GetStepValueRequest messageId:4 stepValueRequest:<stepText:"Check if element <key> exists" > 
15-06-2022 16:06:51.131 [Gauge] [DEBUG] Sending API response: messageType:GetStepValueResponse messageId:4 stepValueResponse:<stepValue:<stepValue:"Check if element {} exists" parameterizedStepValue:"Check if element <key> exists" parameters:"key" > > 
15-06-2022 16:06:51.131 [Gauge] [DEBUG] Api Request Received: messageType:GetStepValueRequest messageId:4 stepValueRequest:<stepText:"Wait for element to load with key <key>" > 
15-06-2022 16:06:51.131 [Gauge] [DEBUG] Sending API response: messageType:GetStepValueResponse messageId:4 stepValueResponse:<stepValue:<stepValue:"Wait for element to load with key {}" parameterizedStepValue:"Wait for element to load with key <key>" parameters:"key" > > 
15-06-2022 16:06:51.142 [Gauge] [DEBUG] Api Request Received: messageType:GetStepValueRequest messageId:4 stepValueRequest:<stepText:"Element var m\304\261 kontrol et <key>" > 
15-06-2022 16:06:51.142 [Gauge] [DEBUG] Sending API response: messageType:GetStepValueResponse messageId:4 stepValueResponse:<stepValue:<stepValue:"Element var m\304\261 kontrol et {}" parameterizedStepValue:"Element var m\304\261 kontrol et <key>" parameters:"key" > > 
15-06-2022 16:06:51.142 [Gauge] [DEBUG] Api Request Received: messageType:GetStepValueRequest messageId:4 stepValueRequest:<stepText:"Elementin y\303\274klenmesini bekle <key>" > 
15-06-2022 16:06:51.142 [Gauge] [DEBUG] Sending API response: messageType:GetStepValueResponse messageId:4 stepValueResponse:<stepValue:<stepValue:"Elementin y\303\274klenmesini bekle {}" parameterizedStepValue:"Elementin y\303\274klenmesini bekle <key>" parameters:"key" > > 
15-06-2022 16:09:37.327 [Gauge] [DEBUG] Api Request Received: messageType:GetStepValueRequest messageId:4 stepValueRequest:<stepText:"elementte  de\304\237eri var m\304\261" > 
15-06-2022 16:09:37.327 [Gauge] [DEBUG] Sending API response: messageType:GetStepValueResponse messageId:4 stepValueResponse:<stepValue:<stepValue:"elementte  de\304\237eri var m\304\261" parameterizedStepValue:"elementte  de\304\237eri var m\304\261" > > 
15-06-2022 16:09:40.926 [Gauge] [DEBUG] Api Request Received: messageType:GetStepValueRequest messageId:4 stepValueRequest:<stepText:"elementte de\304\237er de\304\237eri var m\304\261" > 
15-06-2022 16:09:40.926 [Gauge] [DEBUG] Sending API response: messageType:GetStepValueResponse messageId:4 stepValueResponse:<stepValue:<stepValue:"elementte de\304\237er de\304\237eri var m\304\261" parameterizedStepValue:"elementte de\304\237er de\304\237eri var m\304\261" > > 
15-06-2022 16:09:42.622 [Gauge] [DEBUG] Api Request Received: messageType:GetStepValueRequest messageId:4 stepValueRequest:<stepText:"elementte de\304\237eri var m\304\261" > 
15-06-2022 16:09:42.622 [Gauge] [DEBUG] Sending API response: messageType:GetStepValueResponse messageId:4 stepValueResponse:<stepValue:<stepValue:"elementte de\304\237eri var m\304\261" parameterizedStepValue:"elementte de\304\237eri var m\304\261" > > 
15-06-2022 16:09:44.830 [Gauge] [DEBUG] Api Request Received: messageType:GetStepValueRequest messageId:4 stepValueRequest:<stepText:"elementte se\303\247ile de\304\237eri var m\304\261" > 
15-06-2022 16:09:44.830 [Gauge] [DEBUG] Sending API response: messageType:GetStepValueResponse messageId:4 stepValueResponse:<stepValue:<stepValue:"elementte se\303\247ile de\304\237eri var m\304\261" parameterizedStepValue:"elementte se\303\247ile de\304\237eri var m\304\261" > > 
15-06-2022 16:09:45.951 [Gauge] [DEBUG] Api Request Received: messageType:GetStepValueRequest messageId:4 stepValueRequest:<stepText:"elementte se\303\247ilen de\304\237eri var m\304\261" > 
15-06-2022 16:09:45.968 [Gauge] [DEBUG] Sending API response: messageType:GetStepValueResponse messageId:4 stepValueResponse:<stepValue:<stepValue:"elementte se\303\247ilen de\304\237eri var m\304\261" parameterizedStepValue:"elementte se\303\247ilen de\304\237eri var m\304\261" > > 
15-06-2022 16:09:48.239 [Gauge] [DEBUG] Api Request Received: messageType:GetStepValueRequest messageId:4 stepValueRequest:<stepText:"elementte se\303\247ilen de\304\237er var m\304\261" > 
15-06-2022 16:09:48.251 [Gauge] [DEBUG] Sending API response: messageType:GetStepValueResponse messageId:4 stepValueResponse:<stepValue:<stepValue:"elementte se\303\247ilen de\304\237er var m\304\261" parameterizedStepValue:"elementte se\303\247ilen de\304\237er var m\304\261" > > 
15-06-2022 16:10:03.122 [Gauge] [DEBUG] Api Request Received: messageType:GetStepValueRequest messageId:4 stepValueRequest:<stepText:"elementte s de\304\237eri var m\304\261" > 
15-06-2022 16:10:03.137 [Gauge] [DEBUG] Sending API response: messageType:GetStepValueResponse messageId:4 stepValueResponse:<stepValue:<stepValue:"elementte s de\304\237eri var m\304\261" parameterizedStepValue:"elementte s de\304\237eri var m\304\261" > > 
15-06-2022 16:10:03.154 [Gauge] [DEBUG] Api Request Received: messageType:GetAllStepsRequest messageId:2 allStepsRequest:<> 
15-06-2022 16:10:03.154 [Gauge] [DEBUG] Sending API response: messageType:GetAllStepResponse messageId:2 allStepsResponse:<allSteps:<stepValue:"Urune IN" parameterizedStepValue:"Urune IN" > allSteps:<stepValue:"Urun detayi" parameterizedStepValue:"Urun detayi" > allSteps:<stepValue:"Sepete ekle" parameterizedStepValue:"Sepete ekle" > allSteps:<stepValue:"elementte {} de\304\237eri var m\304\261" parameterizedStepValue:"elementte <5> de\304\237eri var m\304\261" parameters:"5" > allSteps:<stepValue:"{} saniye bekle" parameterizedStepValue:"<20> saniye bekle" parameters:"20" > allSteps:<stepValue:"Arama kutusuna {} yaz\304\261ld\304\261" parameterizedStepValue:"Arama kutusuna <\303\274r\303\274n> yaz\304\261ld\304\261" parameters:"\303\274r\303\274n" > allSteps:<stepValue:"Sepete Git" parameterizedStepValue:"Sepete Git" > allSteps:<stepValue:"Arama Butonuna T\304\261klama" parameterizedStepValue:"Arama Butonuna T\304\261klama" > allSteps:<stepValue:"Miktar se\303\247me" parameterizedStepValue:"Miktar se\303\247me" > > 
15-06-2022 16:10:03.154 [Gauge] [DEBUG] Api Request Received: messageType:GetAllConceptsRequest messageId:6 allConceptsRequest:<> 
15-06-2022 16:10:03.170 [Gauge] [DEBUG] Sending API response: messageType:GetAllConceptsResponse messageId:6 allConceptsResponse:<> 
15-06-2022 16:10:05.132 [Gauge] [DEBUG] Api Request Received: messageType:GetStepValueRequest messageId:4 stepValueRequest:<stepText:"elementte se\303\247ilen de\304\237er var m\304\261 de\304\237eri var m\304\261" > 
15-06-2022 16:10:05.136 [Gauge] [DEBUG] Sending API response: messageType:GetStepValueResponse messageId:4 stepValueResponse:<stepValue:<stepValue:"elementte se\303\247ilen de\304\237er var m\304\261 de\304\237eri var m\304\261" parameterizedStepValue:"elementte se\303\247ilen de\304\237er var m\304\261 de\304\237eri var m\304\261" > > 
15-06-2022 16:10:10.382 [Gauge] [INFO] Spec file added / modified: C:\Users\Buğra\IdeaProjects\IdeasoftAssigment\specs\example.spec
15-06-2022 16:10:10.398 [Gauge] [INFO] Spec file added / modified: C:\Users\Buğra\IdeaProjects\IdeasoftAssigment\specs\example.spec
16-06-2022 13:18:26.853 [Gauge] [INFO] Spec file added / modified: C:\Users\Buğra\IdeaProjects\IdeasoftAssigment\specs\example.spec
20-06-2022 14:12:31.571 [Gauge] [INFO] Watching directory: C:\Users\Buğra\IdeaProjects\IdeasoftAssigment\specs
20-06-2022 14:12:31.572 [Gauge] [DEBUG] Found 1 files
20-06-2022 14:12:31.603 [Gauge] [INFO] Initializing concepts cache with 0 concepts
20-06-2022 14:12:31.662 [Gauge] [INFO] Spec file added / modified: C:\Users\Buğra\IdeaProjects\IdeasoftAssigment\specs\example.spec
20-06-2022 14:12:31.663 [Gauge] [INFO] Initializing specs cache with 1 specs
20-06-2022 14:12:31.663 [Gauge] [DEBUG] Adding specs from C:\Users\Buğra\IdeaProjects\IdeasoftAssigment\specs\example.spec
20-06-2022 14:12:31.663 [Gauge] [INFO] Initializing steps cache with 1 steps
20-06-2022 14:12:31.663 [Gauge] [INFO] Gauge daemon initialized and listening on port: 62458
20-06-2022 14:12:52.038 [Gauge] [DEBUG] Api Request Received: messageType:GetStepValueRequest messageId:4 stepValueRequest:<stepText:"elementte se\303\247ilen de\304\237er var m\304\261" > 
20-06-2022 14:12:52.038 [Gauge] [DEBUG] Sending API response: messageType:GetStepValueResponse messageId:4 stepValueResponse:<stepValue:<stepValue:"elementte se\303\247ilen de\304\237er var m\304\261" parameterizedStepValue:"elementte se\303\247ilen de\304\237er var m\304\261" > > 
20-06-2022 14:12:52.452 [Gauge] [DEBUG] Api Request Received: messageType:GetStepValueRequest messageId:4 stepValueRequest:<stepText:"Arama Butonuna T\304\261klama" > 
20-06-2022 14:12:52.456 [Gauge] [DEBUG] Sending API response: messageType:GetStepValueResponse messageId:4 stepValueResponse:<stepValue:<stepValue:"Arama Butonuna T\304\261klama" parameterizedStepValue:"Arama Butonuna T\304\261klama" > > 
20-06-2022 14:12:52.539 [Gauge] [DEBUG] Api Request Received: messageType:GetStepValueRequest messageId:4 stepValueRequest:<stepText:"Arama kutusuna <key> yaz\304\261ld\304\261" > 
20-06-2022 14:12:52.539 [Gauge] [DEBUG] Sending API response: messageType:GetStepValueResponse messageId:4 stepValueResponse:<stepValue:<stepValue:"Arama kutusuna {} yaz\304\261ld\304\261" parameterizedStepValue:"Arama kutusuna <key> yaz\304\261ld\304\261" parameters:"key" > > 
20-06-2022 14:12:53.292 [Gauge] [DEBUG] Api Request Received: messageType:GetStepValueRequest messageId:4 stepValueRequest:<stepText:"Urune IN" > 
20-06-2022 14:12:53.294 [Gauge] [DEBUG] Sending API response: messageType:GetStepValueResponse messageId:4 stepValueResponse:<stepValue:<stepValue:"Urune IN" parameterizedStepValue:"Urune IN" > > 
20-06-2022 14:12:53.350 [Gauge] [DEBUG] Api Request Received: messageType:GetStepValueRequest messageId:4 stepValueRequest:<stepText:"Urun detayi" > 
20-06-2022 14:12:53.350 [Gauge] [DEBUG] Sending API response: messageType:GetStepValueResponse messageId:4 stepValueResponse:<stepValue:<stepValue:"Urun detayi" parameterizedStepValue:"Urun detayi" > > 
20-06-2022 14:12:53.409 [Gauge] [DEBUG] Api Request Received: messageType:GetStepValueRequest messageId:4 stepValueRequest:<stepText:"Miktar se\303\247me" > 
20-06-2022 14:12:53.409 [Gauge] [DEBUG] Sending API response: messageType:GetStepValueResponse messageId:4 stepValueResponse:<stepValue:<stepValue:"Miktar se\303\247me" parameterizedStepValue:"Miktar se\303\247me" > > 
20-06-2022 14:12:53.473 [Gauge] [DEBUG] Api Request Received: messageType:GetStepValueRequest messageId:4 stepValueRequest:<stepText:"Sepete ekle" > 
20-06-2022 14:12:53.475 [Gauge] [DEBUG] Sending API response: messageType:GetStepValueResponse messageId:4 stepValueResponse:<stepValue:<stepValue:"Sepete ekle" parameterizedStepValue:"Sepete ekle" > > 
20-06-2022 14:12:53.490 [Gauge] [DEBUG] Api Request Received: messageType:GetStepValueRequest messageId:4 stepValueRequest:<stepText:"Sepete Git" > 
20-06-2022 14:12:53.490 [Gauge] [DEBUG] Sending API response: messageType:GetStepValueResponse messageId:4 stepValueResponse:<stepValue:<stepValue:"Sepete Git" parameterizedStepValue:"Sepete Git" > > 
20-06-2022 14:12:53.495 [Gauge] [DEBUG] Api Request Received: messageType:GetStepValueRequest messageId:4 stepValueRequest:<stepText:"<2> saniye kadar bekle" > 
20-06-2022 14:12:53.495 [Gauge] [DEBUG] Sending API response: messageType:GetStepValueResponse messageId:4 stepValueResponse:<stepValue:<stepValue:"{} saniye kadar bekle" parameterizedStepValue:"<2> saniye kadar bekle" parameters:"2" > > 
20-06-2022 14:12:53.548 [Gauge] [DEBUG] Api Request Received: messageType:GetStepValueRequest messageId:4 stepValueRequest:<stepText:"<x> saniye bekle" > 
20-06-2022 14:12:53.549 [Gauge] [DEBUG] Sending API response: messageType:GetStepValueResponse messageId:4 stepValueResponse:<stepValue:<stepValue:"{} saniye bekle" parameterizedStepValue:"<x> saniye bekle" parameters:"x" > > 
20-06-2022 14:12:53.677 [Gauge] [DEBUG] Api Request Received: messageType:GetStepValueRequest messageId:4 stepValueRequest:<stepText:"\"2\" saniye bekle" > 
20-06-2022 14:12:53.677 [Gauge] [DEBUG] Sending API response: messageType:GetStepValueResponse messageId:4 stepValueResponse:<stepValue:<stepValue:"{} saniye bekle" parameterizedStepValue:"<2> saniye bekle" parameters:"2" > > 
20-06-2022 14:12:53.678 [Gauge] [DEBUG] Api Request Received: messageType:GetStepValueRequest messageId:4 stepValueRequest:<stepText:"Arama kutusuna \"\303\274r\303\274n\" yaz\304\261ld\304\261" > 
20-06-2022 14:12:53.678 [Gauge] [DEBUG] Sending API response: messageType:GetStepValueResponse messageId:4 stepValueResponse:<stepValue:<stepValue:"Arama kutusuna {} yaz\304\261ld\304\261" parameterizedStepValue:"Arama kutusuna <\303\274r\303\274n> yaz\304\261ld\304\261" parameters:"\303\274r\303\274n" > > 
20-06-2022 14:12:53.679 [Gauge] [DEBUG] Api Request Received: messageType:GetStepValueRequest messageId:4 stepValueRequest:<stepText:"\"20\" saniye bekle" > 
20-06-2022 14:12:53.680 [Gauge] [DEBUG] Sending API response: messageType:GetStepValueResponse messageId:4 stepValueResponse:<stepValue:<stepValue:"{} saniye bekle" parameterizedStepValue:"<20> saniye bekle" parameters:"20" > > 
22-10-2022 21:34:25.178 [Gauge] [INFO] Watching directory: C:\Users\Buğra\IdeaProjects\IdeasoftAssigment\specs
22-10-2022 21:34:25.180 [Gauge] [DEBUG] Found 1 files
22-10-2022 21:34:25.201 [Gauge] [INFO] Initializing concepts cache with 0 concepts
22-10-2022 21:34:25.228 [Gauge] [INFO] Spec file added / modified: C:\Users\Buğra\IdeaProjects\IdeasoftAssigment\specs\example.spec
